<?xml version="1.0" encoding="UTF-8"?>
<testng-results ignored="0" total="1" passed="1" failed="0" skipped="0">
  <reporter-output>
  </reporter-output>
  <suite started-at="2018-12-04T15:47:09Z" name="Default suite" finished-at="2018-12-04T15:47:12Z" duration-ms="2559">
    <groups>
    </groups>
    <test started-at="2018-12-04T15:47:09Z" name="Default test" finished-at="2018-12-04T15:47:12Z" duration-ms="2559">
      <class name="GuruLogin">
        <test-method is-config="true" signature="beforeTest()[pri:0, instance:GuruLogin@1734f68]" started-at="2018-12-04T15:47:09Z" name="beforeTest" finished-at="2018-12-04T15:47:09Z" duration-ms="11" status="PASS">
          <reporter-output>
          </reporter-output>
        </test-method> <!-- beforeTest -->
        <test-method signature="f(java.lang.String, java.lang.String)[pri:0, instance:GuruLogin@1734f68]" started-at="2018-12-04T15:47:09Z" name="f" finished-at="2018-12-04T15:47:11Z" duration-ms="2402" status="PASS">
          <params>
            <param index="0">
              <value>
                <![CDATA[mngr165749]]>
              </value>
            </param>
            <param index="1">
              <value>
                <![CDATA[vazUgEd]]>
              </value>
            </param>
          </params>
          <reporter-output>
          </reporter-output>
        </test-method> <!-- f -->
        <test-method is-config="true" signature="afterTest()[pri:0, instance:GuruLogin@1734f68]" started-at="2018-12-04T15:47:11Z" name="afterTest" finished-at="2018-12-04T15:47:12Z" duration-ms="123" status="PASS">
          <reporter-output>
          </reporter-output>
        </test-method> <!-- afterTest -->
      </class> <!-- GuruLogin -->
    </test> <!-- Default test -->
  </suite> <!-- Default suite -->
</testng-results>
