<?xml version="1.0" encoding="UTF-8"?>
<testng-results ignored="0" total="1" passed="1" failed="0" skipped="0">
  <reporter-output>
  </reporter-output>
  <suite started-at="2018-11-19T01:05:34Z" name="Default suite" finished-at="2018-11-19T01:05:42Z" duration-ms="7775">
    <groups>
    </groups>
    <test started-at="2018-11-19T01:05:34Z" name="Default test" finished-at="2018-11-19T01:05:42Z" duration-ms="7775">
      <class name="stest.test1.stassignment1">
        <test-method is-config="true" signature="beforeTest()[pri:0, instance:stest.test1.stassignment1@79079097]" started-at="2018-11-19T01:05:34Z" name="beforeTest" finished-at="2018-11-19T01:05:34Z" duration-ms="15" status="PASS">
          <reporter-output>
          </reporter-output>
        </test-method> <!-- beforeTest -->
        <test-method signature="f()[pri:0, instance:stest.test1.stassignment1@79079097]" started-at="2018-11-19T01:05:34Z" name="f" finished-at="2018-11-19T01:05:42Z" duration-ms="7723" status="PASS">
          <reporter-output>
          </reporter-output>
        </test-method> <!-- f -->
        <test-method is-config="true" signature="afterTest()[pri:0, instance:stest.test1.stassignment1@79079097]" started-at="2018-11-19T01:05:42Z" name="afterTest" finished-at="2018-11-19T01:05:42Z" duration-ms="0" status="PASS">
          <reporter-output>
          </reporter-output>
        </test-method> <!-- afterTest -->
      </class> <!-- stest.test1.stassignment1 -->
    </test> <!-- Default test -->
  </suite> <!-- Default suite -->
</testng-results>
