<?xml version="1.0" encoding="UTF-8"?>
<testng-results ignored="0" total="1" passed="1" failed="0" skipped="0">
  <reporter-output>
  </reporter-output>
  <suite started-at="2018-11-19T01:25:53Z" name="Default suite" finished-at="2018-11-19T01:26:00Z" duration-ms="7471">
    <groups>
    </groups>
    <test started-at="2018-11-19T01:25:53Z" name="Default test" finished-at="2018-11-19T01:26:00Z" duration-ms="7471">
      <class name="stestcheck.check1.checktest1">
        <test-method is-config="true" signature="beforeTest()[pri:0, instance:stestcheck.check1.checktest1@79079097]" started-at="2018-11-19T01:25:53Z" name="beforeTest" finished-at="2018-11-19T01:25:53Z" duration-ms="10" status="PASS">
          <reporter-output>
          </reporter-output>
        </test-method> <!-- beforeTest -->
        <test-method signature="f()[pri:0, instance:stestcheck.check1.checktest1@79079097]" started-at="2018-11-19T01:25:53Z" name="f" finished-at="2018-11-19T01:26:00Z" duration-ms="7434" status="PASS">
          <reporter-output>
          </reporter-output>
        </test-method> <!-- f -->
        <test-method is-config="true" signature="afterTest()[pri:0, instance:stestcheck.check1.checktest1@79079097]" started-at="2018-11-19T01:26:00Z" name="afterTest" finished-at="2018-11-19T01:26:00Z" duration-ms="1" status="PASS">
          <reporter-output>
          </reporter-output>
        </test-method> <!-- afterTest -->
      </class> <!-- stestcheck.check1.checktest1 -->
    </test> <!-- Default test -->
  </suite> <!-- Default suite -->
</testng-results>
